make all --print-data-base --no-builtin-variables --no-builtin-rules --question
make: *** No rule to make target 'all'.  Stop.
 
# GNU Make 4.2.1
# Built for x86_64-pc-linux-gnu
# Copyright (C) 1988-2016 Free Software Foundation, Inc.
# License GPLv3+: GNU GPL version 3 or later <http://gnu.org/licenses/gpl.html>
# This is free software: you are free to change and redistribute it.
# There is NO WARRANTY, to the extent permitted by law.

# Make data base, printed on Tue May 25 11:06:14 2021

# Variables

# 'override' directive
GNUMAKEFLAGS := 
# automatic
<D = $(patsubst %/,%,$(dir $<))
# automatic
?F = $(notdir $?)
# environment
DESKTOP_SESSION = ubuntu
# default
.SHELLFLAGS := -c
# environment
XDG_SESSION_CLASS = user
# environment
SNAP_COMMON = /var/snap/code/common
# environment
XDG_SESSION_TYPE = x11
# environment
VSCODE_LOG_NATIVE = false
# automatic
?D = $(patsubst %/,%,$(dir $?))
# environment
IM_CONFIG_PHASE = 1
# automatic
@D = $(patsubst %/,%,$(dir $@))
# environment
XAUTHORITY = /run/user/1000/gdm/Xauthority
# environment
GDMSESSION = ubuntu
# environment
XMODIFIERS = @im=ibus
# makefile
CURDIR := /home/steve/dev/kube/spark-operator
# makefile
SHELL = /bin/sh
# environment
SNAP_DATA = /var/snap/code/65
# makefile (from 'Makefile', line 7)
KIND_INGRESS = kind-ingress.yml
# environment
VSCODE_NLS_CONFIG = {"locale":"en-us","availableLanguages":{},"_languagePackSupport":true}
# environment
JOURNAL_STREAM = 8:51634
# environment
XDG_CONFIG_DIRS = /etc/xdg/xdg-ubuntu:/etc/xdg
# environment
SNAP_INSTANCE_NAME = code
# environment
SNAP_ARCH = amd64
# makefile (from 'Makefile', line 1)
MAKEFILE_LIST :=  Makefile
# automatic
@F = $(notdir $@)
# environment
GIO_LAUNCHED_DESKTOP_FILE = /var/lib/snapd/desktop/applications/code_code.desktop
# environment
USERNAME = steve
# environment
XDG_DATA_DIRS = /usr/share/ubuntu:/usr/local/share/:/usr/share/:/var/lib/snapd/desktop
# environment
VSCODE_AMD_ENTRYPOINT = vs/workbench/services/extensions/node/extensionHostProcess
# environment
DBUS_SESSION_BUS_ADDRESS = unix:path=/run/user/1000/bus
# environment
VSCODE_VERBOSE_LOGGING = true
# environment
_ = /snap/code/65/usr/share/code/code
# environment
MANAGERPID = 2660
# environment
VSCODE_IPC_HOOK_EXTHOST = /run/user/1000/vscode-ipc-58444509-1c9d-4d23-a524-48ef1d2d0edd.sock
# makefile (from 'Makefile', line 4)
KIND_CONFIG = cluster-config.yml
# environment
VSCODE_CWD = /home/steve
# environment
GOPROXY = https://proxy.golang.org,direct
# environment
GSETTINGS_SCHEMA_DIR = /snap/code/65/usr/share/glib-2.0/schemas
# default
MAKE_HOST := x86_64-pc-linux-gnu
# environment
PATH = /home/steve/dev/google-cloud-sdk/bin:/usr/local/sbin:/usr/local/bin:/usr/sbin:/usr/bin:/sbin:/bin:/usr/games:/usr/local/games:/snap/bin
# environment
GPG_AGENT_INFO = /run/user/1000/gnupg/S.gpg-agent:0:1
# environment
LSCOLORS = Gxfxcxdxbxegedabagacad
# environment
SESSION_MANAGER = local/steve-Strix-17-GL703GE:@/tmp/.ICE-unix/2896,unix/steve-Strix-17-GL703GE:/tmp/.ICE-unix/2896
# environment
XDG_RUNTIME_DIR = /run/user/1000
# environment
GDK_PIXBUF_MODULE_FILE = /home/steve/snap/code/common/.cache/gdk-pixbuf-loaders.cache
# environment
SNAP = /snap/code/65
# environment
GOPATH = /home/steve/go
# environment
SNAP_VERSION = 054a9295
# environment
XDG_MENU_PREFIX = gnome-
# environment
VSCODE_LOG_STACK = false
# environment
DISABLE_WAYLAND = 1
# environment
VSCODE_CRASH_REPORTER_START_OPTIONS = {"companyName":"Microsoft","productName":"VSCode","submitURL":"appcenter://code?aid=fba07a4d-84bd-4fc8-a125-9640fc8ce171&uid=21496beb-7e82-446e-a9f1-698f4351815b&iid=21496beb-7e82-446e-a9f1-698f4351815b&sid=21496beb-7e82-446e-a9f1-698f4351815b","uploadToServer":true}
# environment
INVOCATION_ID = 8b4dfa1b94334b4bafa599e1698b3358
# environment
GDK_PIXBUF_MODULEDIR = /snap/code/65/usr/lib/x86_64-linux-gnu/gdk-pixbuf-2.0/2.10.0/loaders
# default
.FEATURES := target-specific order-only second-expansion else-if shortest-stem undefine oneshell archives jobserver output-sync check-symlink load
# environment
ELECTRON_NO_ATTACH_CONSOLE = 1
# environment
LS_COLORS = 
# environment
XDG_SESSION_DESKTOP = ubuntu
# environment
SSH_AUTH_SOCK = /run/user/1000/keyring/ssh
# environment
GIO_LAUNCHED_DESKTOP_FILE_PID = 3508
# automatic
%F = $(notdir $%)
# environment
DISPLAY = :0
# environment
VSCODE_PIPE_LOGGING = true
# environment
SNAP_INSTANCE_KEY = 
# environment
PWD = /home/steve/dev/kube/spark-operator
# makefile (from 'Makefile', line 3)
DASHBOARD = https://raw.githubusercontent.com/kubernetes/dashboard/v2.0.0-rc6/aio/deploy/recommended.yaml
# default
.LOADED := 
# environment
SSH_AGENT_PID = 2853
# environment
ORIGINAL_XDG_CURRENT_DESKTOP = ubuntu:GNOME
# makefile (from 'Makefile', line 5)
METAL_CONFIG = metallb-configmap.yml 
# environment
GTK_MODULES = gail:atk-bridge
# environment
GOMODCACHE = /home/steve/go/pkg/mod
# environment
HOME = /home/steve
# environment
VSCODE_CLI = 1
# environment
LOGNAME = steve
# environment
APPLICATION_INSIGHTS_NO_DIAGNOSTIC_CHANNEL = true
# environment
SNAP_LIBRARY_PATH = /var/lib/snapd/lib/gl:/var/lib/snapd/lib/gl32:/var/lib/snapd/void
# environment
SNAP_CONTEXT = kiSM2o77N6cd5Jy04WLWoj9iMCDSxSxkpoimb5mW2cUWytILUjv5
# environment
ZSH = /home/steve/.oh-my-zsh
# environment
SNAP_USER_COMMON = /home/steve/snap/code/common
# environment
VSCODE_HANDLES_UNCAUGHT_ERRORS = true
# environment
GNOME_DESKTOP_SESSION_ID = this-is-deprecated
# automatic
^D = $(patsubst %/,%,$(dir $^))
# environment
MAKELEVEL := 0
# environment
SNAP_REAL_HOME = /home/steve
# default
MAKE = $(MAKE_COMMAND)
# default
MAKECMDGOALS := all
# environment
QT_IM_MODULE = ibus
# environment
SNAP_USER_DATA = /home/steve/snap/code/65
# environment
SHLVL = 0
# environment
GNOME_SHELL_SESSION_MODE = ubuntu
# default
MAKE_VERSION := 4.2.1
# environment
USER = steve
# environment
SNAP_REVISION = 65
# makefile
.DEFAULT_GOAL := default
# environment
XDG_CURRENT_DESKTOP = Unity
# environment
LESS = -R
# automatic
%D = $(patsubst %/,%,$(dir $%))
# default
MAKE_COMMAND := make
# environment
VSCODE_NODE_CACHED_DATA_DIR = /home/steve/.config/Code/CachedData/054a9295330880ed74ceaedda236253b4f39a335
# environment
OLDPWD = /home/steve
# default
.VARIABLES := 
# automatic
*F = $(notdir $*)
# environment
VSCODE_IPC_HOOK = /run/user/1000/vscode-b42ea94c-1.56.2-main.sock
# environment
BAMF_DESKTOP_FILE_HINT = /var/lib/snapd/desktop/applications/code_code.desktop
# makefile
MAKEFLAGS = pqrR
# environment
MFLAGS = -pqrR
# automatic
*D = $(patsubst %/,%,$(dir $*))
# environment
BREAKPAD_DUMP_LOCATION = /home/steve/.config/Code/exthost Crash Reports
# automatic
+D = $(patsubst %/,%,$(dir $+))
# environment
GDK_BACKEND = x11
# automatic
+F = $(notdir $+)
# environment
QT_ACCESSIBILITY = 1
# default
MAKEFILES := 
# environment
SNAP_COOKIE = kiSM2o77N6cd5Jy04WLWoj9iMCDSxSxkpoimb5mW2cUWytILUjv5
# automatic
<F = $(notdir $<)
# environment
ELECTRON_RUN_AS_NODE = 1
# environment
SNAP_NAME = code
# environment
PAGER = less
# environment
LC_ALL = C
# makefile (from 'Makefile', line 6)
METAL_USAGE = usage.yaml 
# environment
GJS_DEBUG_TOPICS = JS ERROR;JS LOG
# automatic
^F = $(notdir $^)
# default
SUFFIXES := 
# environment
SNAP_REEXEC = 
# environment
CHROME_DESKTOP = code-url-handler.desktop
# environment
WINDOWPATH = 2
# default
.INCLUDE_DIRS = /usr/include /usr/local/include /usr/include
# environment
GJS_DEBUG_OUTPUT = stderr
# default
.RECIPEPREFIX := 
# environment
LANG = C
# environment
VSCODE_PID = 3549
# variable set hash-table stats:
# Load=133/1024=13%, Rehash=0, Collisions=22/158=14%

 
# Pattern-specific Variable Values

# No pattern-specific variable values.

# Directories

# . (device 64768, inode 14160197): 18 files, no impossibilities.

# 18 files, no impossibilities in 1 directories.

# Implicit Rules

# No implicit rules.

# Files

config_metallb:
#  Phony target (prerequisite of .PHONY).
#  Implicit rule search has not been done.
#  File does not exist.
#  File has not been updated.
#  recipe to execute (from 'Makefile', line 21):
	@docker network inspect -f '{{.IPAM.Config}}' kind 
	@kubectl apply -f $(METAL_CONFIG)
	@kubectl apply -f $(METAL_USAGE)
	@kubectl get svc/foo-service -o=jsonpath='{.status.loadBalancer.ingress[0].ip}'
	

kind_nginx:
#  Phony target (prerequisite of .PHONY).
#  Implicit rule search has not been done.
#  File does not exist.
#  File has not been updated.
#  recipe to execute (from 'Makefile', line 36):
	@kubectl apply -f kind-nginx.yml 

# Not a target:
all:
#  Command line target.
#  Implicit rule search has been done.
#  File does not exist.
#  File has not been updated.

.PHONY: default metallb config_metallb kind_ingress kind_nginx kind_nginx_ingress kind_nginx_ingress_check kind nginx minik
#  Implicit rule search has not been done.
#  Modification time never checked.
#  File has not been updated.

kind_ingress:
#  Phony target (prerequisite of .PHONY).
#  Implicit rule search has not been done.
#  File does not exist.
#  File has not been updated.
#  recipe to execute (from 'Makefile', line 31):
	@kind delete cluster
	@kind create cluster --config=$(KIND_INGRESS)

# Not a target:
Makefile:
#  Implicit rule search has been done.
#  Last modified 2021-05-25 09:53:13.743046486
#  File has been updated.
#  Successfully updated.

kind:
#  Phony target (prerequisite of .PHONY).
#  Implicit rule search has not been done.
#  File does not exist.
#  File has not been updated.
#  recipe to execute (from 'Makefile', line 57):
	@kind delete cluster
	@kind create cluster --config=$(KIND_CONFIG)
	@kubectl apply -f $(DASHBOARD)

get_resources:
#  Implicit rule search has not been done.
#  Modification time never checked.
#  File has not been updated.
#  recipe to execute (from 'Makefile', line 78):
	@kubectl api-resources --verbs=list -o name | xargs -n 1 kubectl get -o name
	

default:
#  Phony target (prerequisite of .PHONY).
#  Implicit rule search has not been done.
#  File does not exist.
#  File has not been updated.
#  recipe to execute (from 'Makefile', line 11):
	@echo hello kube

kind_nginx_ingress_check:
#  Phony target (prerequisite of .PHONY).
#  Implicit rule search has not been done.
#  File does not exist.
#  File has not been updated.
#  recipe to execute (from 'Makefile', line 46):
	@curl localhost/foo
	@curl localhost/bar

# Not a target:
.DEFAULT:
#  Implicit rule search has not been done.
#  Modification time never checked.
#  File has not been updated.

minik:
#  Phony target (prerequisite of .PHONY).
#  Implicit rule search has not been done.
#  File does not exist.
#  File has not been updated.
#  recipe to execute (from 'Makefile', line 69):
	@minikube delete
	@minikube start --cpus 4 --memory 4g 
	@minikube addons enable metallb
	@minikube ip
	@minikube addons configure metallb
	@minikube addons enable metrics-server
	@minikube addons enable dashboard

metallb:
#  Phony target (prerequisite of .PHONY).
#  Implicit rule search has not been done.
#  File does not exist.
#  File has not been updated.
#  recipe to execute (from 'Makefile', line 15):
	@kubectl apply -f https://raw.githubusercontent.com/metallb/metallb/master/manifests/namespace.yaml
	@kubectl create secret generic -n metallb-system memberlist --from-literal=secretkey="$(openssl rand -base64 128)" 
	@kubectl apply -f https://raw.githubusercontent.com/metallb/metallb/master/manifests/metallb.yaml

nginx:
#  Phony target (prerequisite of .PHONY).
#  Implicit rule search has not been done.
#  File does not exist.
#  File has not been updated.
#  recipe to execute (from 'Makefile', line 63):
	@kubectl create deployment nginx --image=nginx --port=80
	@kubectl create service nodeport nginx --tcp=80:80 --node-port=30000
	@curl localhost:30000

kind_nginx_ingress:
#  Phony target (prerequisite of .PHONY).
#  Implicit rule search has not been done.
#  File does not exist.
#  File has not been updated.
#  recipe to execute (from 'Makefile', line 42):
	@kubectl apply -f kind-nginx-ingress.yml

# files hash-table stats:
# Load=16/1024=2%, Rehash=0, Collisions=3/55=5%
# VPATH Search Paths

# No 'vpath' search paths.

# No general ('VPATH' variable) search path.

# strcache buffers: 1 (0) / strings = 35 / storage = 384 B / avg = 10 B
# current buf: size = 8162 B / used = 384 B / count = 35 / avg = 10 B

# strcache performance: lookups = 79 / hit rate = 55%
# hash-table stats:
# Load=35/8192=0%, Rehash=0, Collisions=1/79=1%
# Finished Make data base on Tue May 25 11:06:14 2021

 
